<?xml version="1.0" encoding="UTF-8"?>
<!-- Generated by org.testng.reporters.JUnitXMLReporter -->
<testsuite hostname="Андрей-ПК" name="Functional Tests" tests="11" failures="1" timestamp="8 Aug 2014 20:31:41 GMT" time="331.654" errors="0">
  <testcase name="xTest" time="34.183" classname="demo.test.Finance"/>
  <testcase name="xTest" time="10.661" classname="demo.test.TVset"/>
  <testcase name="xTest" time="11.05" classname="demo.test.Jobs"/>
  <testcase name="xTest" time="19.829" classname="demo.test.Shop"/>
  <testcase name="xTest" time="16.039" classname="demo.test.Forum"/>
  <testcase name="xTest" time="21.776" classname="demo.test.Building"/>
  <testcase name="xTest" time="36.727" classname="demo.test.Login">
    <failure type="java.lang.NullPointerException">
      <![CDATA[java.lang.NullPointerException
	at webdriver.elements.BaseElement.waitForIsElementPresent(BaseElement.java:181)
	at webdriver.elements.BaseElement.getText(BaseElement.java:253)
	at demo.test.forms.HomePage.signAssert(HomePage.java:93)
	at demo.test.Login.runTest(Login.java:38)
	at webdriver.BaseTest.xTest(BaseTest.java:26)
... Removed 24 stack frames]]>
    </failure>
  </testcase> <!-- xTest -->
  <testcase name="readParams" time="5.436" classname="demo.test.Login"/>
  <testcase name="xTest" time="14.929" classname="demo.test.PrivateOffice"/>
  <testcase name="xTest" time="25.502" classname="demo.test.Comment"/>
  <testcase name="xTest" time="16.141" classname="demo.test.Logout"/>
</testsuite> <!-- Functional Tests -->
