<?xml version="1.0" encoding="UTF-8"?>
<!-- Generated by org.testng.reporters.JUnitXMLReporter -->
<testsuite hostname="Андрей-ПК" name="Functional Tests" tests="9" failures="0" timestamp="8 Aug 2014 18:49:13 GMT" time="285.846" errors="0">
  <testcase name="xTest" time="16.004" classname="demo.test.Finance"/>
  <testcase name="xTest" time="8.885" classname="demo.test.TVset"/>
  <testcase name="xTest" time="15.224" classname="demo.test.Shop"/>
  <testcase name="xTest" time="80.658" classname="demo.test.Forum"/>
  <testcase name="xTest" time="18.127" classname="demo.test.Building"/>
  <testcase name="xTest" time="7.572" classname="demo.test.Login"/>
  <testcase name="xTest" time="12.961" classname="demo.test.PrivateOffice"/>
  <testcase name="xTest" time="41.714" classname="demo.test.Comment"/>
  <testcase name="xTest" time="16.529" classname="demo.test.Logout"/>
</testsuite> <!-- Functional Tests -->
